{
  "RSpec": {
    "coverage": {
      "/Users/juliepranger/Documents/wdi/hoptoit/config/environment.rb": [
        null,
        1,
        null,
        null,
        1
      ],
      "/Users/juliepranger/Documents/wdi/hoptoit/config/application.rb": [
        1,
        null,
        null,
        1,
        1,
        1,
        1,
        null,
        null,
        null,
        null,
        1,
        null,
        1,
        1,
        null,
        1,
        1,
        null,
        null,
        null,
        null,
        null,
        null,
        1,
        null,
        null,
        null
      ],
      "/Users/juliepranger/Documents/wdi/hoptoit/config/boot.rb": [
        null,
        1,
        null,
        1
      ],
      "/Users/juliepranger/Documents/wdi/hoptoit/config/environments/test.rb": [
        1,
        null,
        null,
        null,
        null,
        null,
        null,
        1,
        null,
        null,
        null,
        null,
        1,
        null,
        null,
        1,
        1,
        null,
        null,
        1,
        1,
        null,
        null,
        1,
        null,
        null,
        1,
        null,
        null,
        null,
        null,
        1,
        null,
        null,
        1,
        null,
        1,
        null
      ],
      "/Users/juliepranger/Documents/wdi/hoptoit/config/initializers/backtrace_silencers.rb": [
        null,
        null,
        null,
        null,
        null,
        null,
        null
      ],
      "/Users/juliepranger/Documents/wdi/hoptoit/config/initializers/filter_parameter_logging.rb": [
        null,
        null,
        null,
        1
      ],
      "/Users/juliepranger/Documents/wdi/hoptoit/config/initializers/inflections.rb": [
        null,
        null,
        null,
        null,
        null,
        null,
        null,
        null,
        null,
        null,
        null,
        null,
        null,
        null,
        null,
        null
      ],
      "/Users/juliepranger/Documents/wdi/hoptoit/config/initializers/mime_types.rb": [
        null,
        null,
        null,
        null,
        null
      ],
      "/Users/juliepranger/Documents/wdi/hoptoit/config/initializers/secret_token.rb": [
        null,
        null,
        null,
        null,
        null,
        null,
        null,
        null,
        null,
        null,
        null,
        1
      ],
      "/Users/juliepranger/Documents/wdi/hoptoit/config/initializers/session_store.rb": [
        null,
        null,
        1
      ],
      "/Users/juliepranger/Documents/wdi/hoptoit/config/initializers/wrap_parameters.rb": [
        null,
        null,
        null,
        null,
        null,
        null,
        1,
        1,
        null,
        null,
        null,
        null,
        null,
        null
      ],
      "/Users/juliepranger/Documents/wdi/hoptoit/spec/factories/charity_verifiers.rb": [
        null,
        null,
        1,
        1,
        1,
        null,
        null
      ],
      "/Users/juliepranger/Documents/wdi/hoptoit/spec/factories/ntee_codes.rb": [
        null,
        null,
        1,
        1,
        1,
        1,
        1,
        null,
        null
      ],
      "/Users/juliepranger/Documents/wdi/hoptoit/spec/factories/organization.rb": [
        1,
        1,
        1,
        1,
        1,
        1,
        1,
        1,
        1,
        1,
        1,
        null,
        null
      ],
      "/Users/juliepranger/Documents/wdi/hoptoit/spec/factories/users.rb": [
        null,
        null,
        1,
        1,
        1,
        1,
        1,
        1,
        1,
        1,
        1,
        1,
        1,
        null,
        null
      ],
      "/Users/juliepranger/Documents/wdi/hoptoit/spec/factories/users_organizations.rb": [
        null,
        null,
        1,
        1,
        null,
        null
      ],
      "/Users/juliepranger/Documents/wdi/hoptoit/config/routes.rb": [
        1,
        null,
        null,
        null,
        1,
        null,
        1,
        null,
        1,
        null,
        null,
        null,
        1,
        1,
        null,
        null,
        null,
        null,
        null,
        null,
        null,
        null,
        null,
        null,
        null,
        null,
        null,
        null,
        1,
        null,
        null,
        1,
        null,
        null,
        null,
        null,
        1,
        1,
        null,
        null,
        1,
        null,
        1,
        null
      ],
      "/Users/juliepranger/Documents/wdi/hoptoit/app/helpers/application_helper.rb": [
        1,
        null
      ],
      "/Users/juliepranger/Documents/wdi/hoptoit/app/helpers/password_resets_helper.rb": [
        1,
        null
      ],
      "/Users/juliepranger/Documents/wdi/hoptoit/app/helpers/users_helper.rb": [
        1,
        null
      ],
      "/Users/juliepranger/Documents/wdi/hoptoit/app/mailers/users_mailer.rb": [
        1,
        1,
        null,
        null,
        null,
        null,
        null,
        null,
        1,
        1,
        null,
        1,
        null,
        null,
        1,
        2,
        null,
        2,
        null,
        null
      ],
      "/Users/juliepranger/Documents/wdi/hoptoit/app/models/user.rb": [
        1,
        null,
        1,
        null,
        1,
        null,
        1,
        null,
        1,
        1,
        1,
        1,
        1,
        1,
        1,
        null,
        null,
        1,
        1,
        1,
        null,
        null,
        null,
        1,
        null,
        0,
        null,
        null,
        1,
        null,
        0,
        0,
        null,
        null,
        1,
        0,
        0,
        0,
        0,
        null,
        null,
        1,
        null,
        1,
        3,
        1,
        1,
        null,
        1,
        null,
        null,
        null,
        null
      ]
    },
    "timestamp": 1385169015
  }
}
